<?xml version="1.0" encoding="UTF-8"?>
<!-- Generated by org.testng.reporters.JUnitXMLReporter -->
<testsuite ignored="3" hostname="DESKTOP-DTAMADI" failures="0" tests="1" name="Default test" time="10.02" errors="0" timestamp="2023-04-01T00:46:25 IST">
  <testcase classname="testCases.loginPageTest" name="verifyLoginToTheAppTest" time="3.449"/>
  <testcase classname="testCases.loginPageTest" name="verifyLoginPageTitleTest" time="0.0">
    <ignored/>
  </testcase> <!-- verifyLoginPageTitleTest -->
  <testcase classname="testCases.loginPageTest" name="verifyLoginPageURLTest" time="0.0">
    <ignored/>
  </testcase> <!-- verifyLoginPageURLTest -->
  <testcase classname="testCases.loginPageTest" name="verifyLoginLogoTest" time="0.0">
    <ignored/>
  </testcase> <!-- verifyLoginLogoTest -->
</testsuite> <!-- Default test -->
