<?xml version="1.0" encoding="UTF-8"?>
<!-- Generated by org.testng.reporters.JUnitXMLReporter -->
<testsuite ignored="10" hostname="DESKTOP-DTAMADI" failures="0" tests="22" name="Test" time="337.083" errors="0" timestamp="2023-03-30T16:49:16 IST">
  <testcase classname="testCases.checkOutCompletePageTest" name="verifyCheckoutCompleteLableTest" time="1.058"/>
  <testcase classname="testCases.checkOutCompletePageTest" name="verifyPonyExpressLogoTest" time="0.047"/>
  <testcase classname="testCases.checkOutCompletePageTest" name="verifyThankuLableTest" time="0.083"/>
  <testcase classname="testCases.checkOutCompletePageTest" name="verifyBackToHomeButtonTest" time="0.154"/>
  <testcase classname="testCases.checkOutOverViewPageTest" name="verifyOverViewLableTest" time="0.079"/>
  <testcase classname="testCases.checkOutOverViewPageTest" name="verifyPaymentInfoLabelTest" time="0.046"/>
  <testcase classname="testCases.checkOutOverViewPageTest" name="verifyShippingInfoLableTest" time="0.042"/>
  <testcase classname="testCases.checkOutOverViewPageTest" name="verifyTotalPriceLableTest" time="0.048"/>
  <testcase classname="testCases.checkOutOverViewPageTest" name="verifyTotalLableTest" time="0.043"/>
  <testcase classname="testCases.checkOutOverViewPageTest" name="verifyCancleButtonTest" time="0.157"/>
  <testcase classname="testCases.checkOutOverViewPageTest" name="verifyFinishButtonTest" time="0.122"/>
  <testcase classname="testCases.checkOutPageTest" name="verifyCheckOutLebalTest" time="0.073"/>
  <testcase classname="testCases.checkOutPageTest" name="verifyCancleButtonTest" time="0.166"/>
  <testcase classname="testCases.checkOutPageTest" name="verifyCheckOutInformationTest" time="0.485"/>
  <testcase classname="testCases.loginPageTest" name="verifyLoginToTheAppTest" time="2.507"/>
  <testcase classname="testCases.loginPageTest" name="verifyLoginToTheAppTest" time="2.685"/>
  <testcase classname="testCases.loginPageTest" name="verifyLoginToTheAppTest" time="2.501"/>
  <testcase classname="testCases.inventoryPageTest" name="verifyCartPageTest" time="8.377"/>
  <testcase classname="testCases.cartPageTest" name="verifyRemoveProductFromCartTest" time="3.257"/>
  <testcase classname="testCases.cartPageTest" name="verifyCheckOutPageOneTest" time="0.144"/>
  <testcase classname="testCases.cartPageTest" name="verifyBagPagLabelTest" time="0.121"/>
  <testcase classname="testCases.cartPageTest" name="verifyCartLabelTest" time="0.107"/>
  <testcase classname="testCases.loginPageTest" name="verifyLoginPageTitleTest" time="0.0">
    <ignored/>
  </testcase> <!-- verifyLoginPageTitleTest -->
  <testcase classname="testCases.loginPageTest" name="verifyLoginPageURLTest" time="0.0">
    <ignored/>
  </testcase> <!-- verifyLoginPageURLTest -->
  <testcase classname="testCases.loginPageTest" name="verifyLoginLogoTest" time="0.0">
    <ignored/>
  </testcase> <!-- verifyLoginLogoTest -->
  <testcase classname="testCases.inventoryPageTest" name="verifyItemTextTest" time="0.0">
    <ignored/>
  </testcase> <!-- verifyItemTextTest -->
  <testcase classname="testCases.inventoryPageTest" name="verifyAddToCartCountTest" time="0.0">
    <ignored/>
  </testcase> <!-- verifyAddToCartCountTest -->
  <testcase classname="testCases.inventoryPageTest" name="verifyProductLebalTest" time="0.0">
    <ignored/>
  </testcase> <!-- verifyProductLebalTest -->
  <testcase classname="testCases.inventoryPageTest" name="verifyRemoveCartCountTest" time="0.0">
    <ignored/>
  </testcase> <!-- verifyRemoveCartCountTest -->
  <testcase classname="testCases.inventoryPageTest" name="verifySelectListTest" time="0.0">
    <ignored/>
  </testcase> <!-- verifySelectListTest -->
  <testcase classname="testCases.inventoryPageTest" name="verifyFacebookLinkTest" time="0.0">
    <ignored/>
  </testcase> <!-- verifyFacebookLinkTest -->
  <testcase classname="testCases.inventoryPageTest" name="verifyItemImageTest" time="0.0">
    <ignored/>
  </testcase> <!-- verifyItemImageTest -->
</testsuite> <!-- Test -->
