<?xml version="1.0" encoding="UTF-8"?>
<!-- Generated by org.testng.reporters.JUnitXMLReporter -->
<testsuite ignored="6" hostname="DESKTOP-DTAMADI" failures="0" tests="1" name="Default test(failed)(failed)(failed)" time="7.961" errors="0" timestamp="2023-03-29T16:28:22 IST">
  <testcase classname="testCases.inventoryPageTest" name="verifyItemImageTest" time="0.179"/>
  <testcase classname="testCases.inventoryPageTest" name="verifyItemTextTest" time="0.0">
    <ignored/>
  </testcase> <!-- verifyItemTextTest -->
  <testcase classname="testCases.inventoryPageTest" name="verifyAddToCartCountTest" time="0.0">
    <ignored/>
  </testcase> <!-- verifyAddToCartCountTest -->
  <testcase classname="testCases.inventoryPageTest" name="verifyProductLebalTest" time="0.0">
    <ignored/>
  </testcase> <!-- verifyProductLebalTest -->
  <testcase classname="testCases.inventoryPageTest" name="verifyRemoveCartCountTest" time="0.0">
    <ignored/>
  </testcase> <!-- verifyRemoveCartCountTest -->
  <testcase classname="testCases.inventoryPageTest" name="verifySelectListTest" time="0.0">
    <ignored/>
  </testcase> <!-- verifySelectListTest -->
  <testcase classname="testCases.inventoryPageTest" name="verifyFacebookLinkTest" time="0.0">
    <ignored/>
  </testcase> <!-- verifyFacebookLinkTest -->
</testsuite> <!-- Default test(failed)(failed)(failed) -->
