<?xml version="1.0" encoding="UTF-8"?>
<testng-results ignored="3" total="4" passed="1" failed="0" skipped="0">
  <reporter-output>
    <line>
      <![CDATA[URL of InventoryPage=https://www.saucedemo.com/inventory.html]]>
    </line>
  </reporter-output>
  <suite started-at="2023-04-01T00:46:15 IST" name="Default suite" finished-at="2023-04-01T00:46:25 IST" duration-ms="10020">
    <groups>
    </groups>
    <test started-at="2023-04-01T00:46:15 IST" name="Default test" finished-at="2023-04-01T00:46:25 IST" duration-ms="10020">
      <class name="testCases.loginPageTest">
        <test-method is-config="true" signature="setup()[pri:0, instance:testCases.loginPageTest@14bdbc74]" started-at="2023-04-01T00:46:15 IST" name="setup" finished-at="2023-04-01T00:46:21 IST" duration-ms="5774" status="PASS">
          <reporter-output>
          </reporter-output>
        </test-method> <!-- setup -->
        <test-method signature="verifyLoginToTheAppTest()[pri:1, instance:testCases.loginPageTest@14bdbc74]" started-at="2023-04-01T00:46:21 IST" name="verifyLoginToTheAppTest" finished-at="2023-04-01T00:46:25 IST" duration-ms="3449" status="PASS">
          <reporter-output>
            <line>
              <![CDATA[URL of InventoryPage=https://www.saucedemo.com/inventory.html]]>
            </line>
          </reporter-output>
        </test-method> <!-- verifyLoginToTheAppTest -->
        <test-method is-config="true" signature="closeBrowser(org.testng.ITestResult)[pri:0, instance:testCases.loginPageTest@14bdbc74]" started-at="2023-04-01T00:46:25 IST" name="closeBrowser" finished-at="2023-04-01T00:46:25 IST" duration-ms="742" status="PASS">
          <params>
            <param index="0">
              <value>
                <![CDATA[[TestResult name=verifyLoginToTheAppTest status=SUCCESS method=loginPageTest.verifyLoginToTheAppTest()[pri:1, instance:testCases.loginPageTest@14bdbc74] output=URL of InventoryPage=https://www.saucedemo.com/inventory.html]]]>
              </value>
            </param>
          </params>
          <reporter-output>
          </reporter-output>
        </test-method> <!-- closeBrowser -->
      </class> <!-- testCases.loginPageTest -->
    </test> <!-- Default test -->
  </suite> <!-- Default suite -->
</testng-results>
